<?xml version="1.0" encoding="UTF-8"?>
<!-- Generated by org.testng.reporters.JUnitReportReporter -->
<testsuite skipped="0" hostname="Venkat" name="com.Hybridframework.testcases.TC_Logintest_001" tests="1" failures="0" timestamp="10 Jun 2019 17:01:09 GMT" time="3.455" errors="0">
  <testcase name="logintest" time="3.455" classname="com.Hybridframework.testcases.TC_Logintest_001"/>
</testsuite> <!-- com.Hybridframework.testcases.TC_Logintest_001 -->
