<?xml version="1.0" encoding="UTF-8"?>
<!-- Generated by org.testng.reporters.JUnitReportReporter -->
<testsuite skipped="0" hostname="Venkat" name="com.Hybridframework.testcases.TC_addcustomer_003" tests="1" failures="0" timestamp="12 Jun 2019 07:30:23 GMT" time="18.358" errors="0">
  <testcase name="addnewcustomer" time="18.358" classname="com.Hybridframework.testcases.TC_addcustomer_003"/>
</testsuite> <!-- com.Hybridframework.testcases.TC_addcustomer_003 -->
