<?xml version="1.0" encoding="UTF-8"?>
<!-- Generated by org.testng.reporters.JUnitReportReporter -->
<testsuite skipped="0" hostname="Venkat" name="com.Hybridframework.testcases.TC_addcustomer_003" tests="1" failures="0" timestamp="14 Jun 2019 07:12:25 GMT" time="38.740" errors="0">
  <testcase name="addnewcustomer" time="38.740" classname="com.Hybridframework.testcases.TC_addcustomer_003"/>
</testsuite> <!-- com.Hybridframework.testcases.TC_addcustomer_003 -->
